# JRE version: Java(TM) SE Runtime Environment (26.0.2+10) (build 26.0.2+10-55)
# Java VM: Java HotSpot(TM) 64-Bit Server VM (26.0.2+10-55, mixed mode, emulated-client, sharing, tiered, compressed oops, compressed class ptrs, g1 gc, windows-amd64)
GC Precious Log:
 CardTable entry size: 512
 Card Set container configuration: InlinePtr #cards 4 size 8 Array Of Cards #cards 16 size 48 Howl #buckets 8 coarsen threshold 3686 Howl Bitmap #cards 512 size 80 coarsen threshold 460 Card regions per heap region 1 cards per card region 4096
 CPUs: 12 total, 12 available
 Memory: 15749M
 Large Page Support: Disabled
 NUMA Support: Disabled
 Compressed Oops: Enabled (Zero based)
 Heap Region Size: 2M
 Heap Min Capacity: 8M
 Heap Initial Capacity: 8M
 Heap Max Capacity: 3938M
 Pre-touch: Disabled
 Parallel Workers: 10
 Concurrent Workers: 3
 Concurrent Refinement Workers: 10
 Periodic GC: Disabled
Heap:
 garbage-first heap   total reserved 4032512K, committed 55296K, used 35467K [0x0000000709e00000, 0x0000000800000000)
  region size 2M, 12 eden (24M), 0 survivor (0M), 8 old (16M), 0 humongous (0M), 7 free (14M)
GC Heap Usage History (20 events):
Event: 0.504 {heap Before GC invocations=4 (full 0):
 garbage-first heap   total reserved 4032512K, committed 36864K, used 18947K [0x0000000709e00000, 0x0000000800000000)
  region size 2M, 8 eden (16M), 1 survivor (2M), 3 old (6M), 0 humongous (0M), 6 free (12M)
}
Event: 0.506 {heap After GC invocations=5 (full 0):
 garbage-first heap   total reserved 4032512K, committed 36864K, used 5281K [0x0000000709e00000, 0x0000000800000000)
  region size 2M, 0 eden (0M), 1 survivor (2M), 3 old (6M), 0 humongous (0M), 14 free (28M)
}
Event: 0.601 {heap Before GC invocations=5 (full 0):
 garbage-first heap   total reserved 4032512K, committed 36864K, used 21665K [0x0000000709e00000, 0x0000000800000000)
  region size 2M, 9 eden (18M), 1 survivor (2M), 3 old (6M), 0 humongous (0M), 5 free (10M)
}
Event: 0.604 {heap After GC invocations=6 (full 0):
 garbage-first heap   total reserved 4032512K, committed 36864K, used 6115K [0x0000000709e00000, 0x0000000800000000)
  region size 2M, 0 eden (0M), 2 survivor (4M), 3 old (6M), 0 humongous (0M), 13 free (26M)
}
Event: 0.675 {heap Before GC invocations=6 (full 0):
 garbage-first heap   total reserved 4032512K, committed 36864K, used 22499K [0x0000000709e00000, 0x0000000800000000)
  region size 2M, 8 eden (16M), 2 survivor (4M), 3 old (6M), 0 humongous (0M), 5 free (10M)
}
Event: 0.676 {heap After GC invocations=7 (full 0):
 garbage-first heap   total reserved 4032512K, committed 36864K, used 7111K [0x0000000709e00000, 0x0000000800000000)
  region size 2M, 0 eden (0M), 2 survivor (4M), 3 old (6M), 0 humongous (0M), 13 free (26M)
}
Event: 0.761 {heap Before GC invocations=7 (full 0):
 garbage-first heap   total reserved 4032512K, committed 36864K, used 23495K [0x0000000709e00000, 0x0000000800000000)
  region size 2M, 8 eden (16M), 2 survivor (4M), 3 old (6M), 0 humongous (0M), 5 free (10M)
}
Event: 0.763 {heap After GC invocations=8 (full 0):
 garbage-first heap   total reserved 4032512K, committed 110592K, used 7898K [0x0000000709e00000, 0x0000000800000000)
  region size 2M, 0 eden (0M), 2 survivor (4M), 3 old (6M), 0 humongous (0M), 49 free (98M)
}
Event: 0.988 {heap Before GC invocations=8 (full 0):
 garbage-first heap   total reserved 4032512K, committed 110592K, used 67290K [0x0000000709e00000, 0x0000000800000000)
  region size 2M, 30 eden (60M), 2 survivor (4M), 3 old (6M), 0 humongous (0M), 19 free (38M)
}
Event: 0.990 {heap After GC invocations=9 (full 0):
 garbage-first heap   total reserved 4032512K, committed 110592K, used 9827K [0x0000000709e00000, 0x0000000800000000)
  region size 2M, 0 eden (0M), 3 survivor (6M), 3 old (6M), 0 humongous (0M), 48 free (96M)
}
Event: 1.062 {heap Before GC invocations=9 (full 0):
 garbage-first heap   total reserved 4032512K, committed 110592K, used 36451K [0x0000000709e00000, 0x0000000800000000)
  region size 2M, 14 eden (28M), 3 survivor (6M), 3 old (6M), 0 humongous (0M), 34 free (68M)
}
Event: 1.065 {heap After GC invocations=10 (full 0):
 garbage-first heap   total reserved 4032512K, committed 110592K, used 10450K [0x0000000709e00000, 0x0000000800000000)
  region size 2M, 0 eden (0M), 3 survivor (6M), 3 old (6M), 0 humongous (0M), 48 free (96M)
}
Event: 1.414 {heap Before GC invocations=11 (full 0):
 garbage-first heap   total reserved 4032512K, committed 110592K, used 69842K [0x0000000709e00000, 0x0000000800000000)
  region size 2M, 29 eden (58M), 3 survivor (6M), 3 old (6M), 0 humongous (0M), 19 free (38M)
}
Event: 1.418 {heap After GC invocations=12 (full 0):
 garbage-first heap   total reserved 4032512K, committed 110592K, used 13721K [0x0000000709e00000, 0x0000000800000000)
  region size 2M, 0 eden (0M), 4 survivor (8M), 4 old (8M), 0 humongous (0M), 46 free (92M)
}
Event: 1.776 {heap Before GC invocations=12 (full 0):
 garbage-first heap   total reserved 4032512K, committed 110592K, used 71065K [0x0000000709e00000, 0x0000000800000000)
  region size 2M, 28 eden (56M), 4 survivor (8M), 4 old (8M), 0 humongous (0M), 18 free (36M)
}
Event: 1.782 {heap After GC invocations=13 (full 0):
 garbage-first heap   total reserved 4032512K, committed 110592K, used 16857K [0x0000000709e00000, 0x0000000800000000)
  region size 2M, 0 eden (0M), 4 survivor (8M), 5 old (10M), 0 humongous (0M), 45 free (90M)
}
Event: 92.172 {heap Before GC invocations=13 (full 0):
 garbage-first heap   total reserved 4032512K, committed 110592K, used 51673K [0x0000000709e00000, 0x0000000800000000)
  region size 2M, 17 eden (34M), 4 survivor (8M), 5 old (10M), 0 humongous (0M), 28 free (56M)
}
Event: 92.176 {heap After GC invocations=14 (full 0):
 garbage-first heap   total reserved 4032512K, committed 110592K, used 18171K [0x0000000709e00000, 0x0000000800000000)
  region size 2M, 0 eden (0M), 1 survivor (2M), 8 old (16M), 0 humongous (0M), 45 free (90M)
}
Event: 275.274 {heap Before GC invocations=14 (full 0):
 garbage-first heap   total reserved 4032512K, committed 110592K, used 24315K [0x0000000709e00000, 0x0000000800000000)
  region size 2M, 4 eden (8M), 1 survivor (2M), 8 old (16M), 0 humongous (0M), 41 free (82M)
}
Event: 275.294 {heap After GC invocations=15 (full 1):
 garbage-first heap   total reserved 4032512K, committed 55296K, used 12939K [0x0000000709e00000, 0x0000000800000000)
  region size 2M, 0 eden (0M), 0 survivor (0M), 8 old (16M), 0 humongous (0M), 19 free (38M)
}

